<?xml version="1.0" encoding="UTF-8"?>
<!-- Generated by org.testng.reporters.JUnitReportReporter -->
<testsuite hostname="SARAS-CNB01" failures="0" tests="5" name="com.test.tests.TekarchApiTestScriptE2E" time="48.744" errors="0" timestamp="2023-06-25T09:28:58 PDT" skipped="0">
  <testcase classname="com.test.tests.TekarchApiTestScriptE2E" name="updateuserData" time="15.014"/>
  <system-out/>
  <testcase classname="com.test.tests.TekarchApiTestScriptE2E" name="validLogin" time="3.265"/>
  <system-out/>
  <testcase classname="com.test.tests.TekarchApiTestScriptE2E" name="getuserData" time="14.023"/>
  <system-out/>
  <testcase classname="com.test.tests.TekarchApiTestScriptE2E" name="createUserData" time="0.980"/>
  <system-out/>
  <testcase classname="com.test.tests.TekarchApiTestScriptE2E" name="deleteuserData" time="15.462"/>
  <system-out/>
</testsuite> <!-- com.test.tests.TekarchApiTestScriptE2E -->
